2023-08-15 13:45:00 checkout 200 120ms user1234 tx5678 Purchased iPhone 13
2023-08-15 13:45:05 authentication 200 45ms user5678 tx5679 User login successful
2023-08-15 13:45:10 product-catalog 200 230ms user9012 tx5680 Viewed product details
2023-08-15 13:45:15 checkout 400 180ms user3456 tx5681 Payment validation failed
2023-08-15 13:45:20 shipping 200 90ms user7890 tx5682 Shipping address updated
2023-08-15 13:45:25 authentication 401 25ms user1111 tx5683 Invalid credentials
2023-08-15 13:45:30 checkout 200 340ms user2222 tx5684 Purchased Samsung Galaxy
2023-08-15 13:45:35 product-catalog 500 1200ms user3333 tx5685 Database connection timeout
2023-08-15 13:45:40 payment-gateway 200 450ms user4444 tx5686 Payment processed successfully
2023-08-15 13:45:45 authentication 200 35ms user5555 tx5687 User registration complete
2023-08-15 13:45:50 checkout 404 20ms user6666 tx5688 Product not found
2023-08-15 13:45:55 shipping 200 110ms user7777 tx5689 Shipping calculated
2023-08-15 13:46:00 product-catalog 200 180ms user8888 tx5690 Search results returned
2023-08-15 13:46:05 authentication 429 15ms user9999 tx5691 Rate limit exceeded
2023-08-15 13:46:10 checkout 200 290ms user0000 tx5692 Purchased MacBook Pro
2023-08-15 13:46:15 payment-gateway 500 2000ms user1122 tx5693 Payment service unavailable
2023-08-15 13:46:20 product-catalog 200 65ms user2233 tx5694 Category listing loaded
2023-08-15 13:46:25 authentication 200 40ms user3344 tx5695 Password reset successful
2023-08-15 13:46:30 checkout 403 55ms user4455 tx5696 Insufficient funds
2023-08-15 13:46:35 shipping 200 130ms user5566 tx5697 Delivery options retrieved
2023-08-15 13:46:40 product-catalog 503 800ms user6677 tx5698 Service temporarily unavailable
2023-08-15 13:46:45 authentication 200 30ms user7788 tx5699 Token refreshed
2023-08-15 13:46:50 checkout 200 410ms user8899 tx5700 Purchased iPad Air
2023-08-15 13:46:55 payment-gateway 200 320ms user9900 tx5701 Refund processed
2023-08-15 13:47:00 product-catalog 200 95ms user0011 tx5702 Product recommendations
2023-08-15 13:47:05 authentication 500 1500ms user1133 tx5703 Authentication service error
2023-08-15 13:47:10 checkout 200 250ms user2244 tx5704 Purchased AirPods Pro
2023-08-15 13:47:15 shipping 422 75ms user3355 tx5705 Invalid shipping address
2023-08-15 13:47:20 product-catalog 200 140ms user4466 tx5706 Filter results applied
2023-08-15 13:47:25 authentication 200 50ms user5577 tx5707 Two-factor auth verified
2023-08-15 13:47:30 checkout 502 3000ms user6688 tx5708 Gateway timeout error
2023-08-15 13:47:35 payment-gateway 200 380ms user7799 tx5709 Subscription renewed
2023-08-15 13:47:40 product-catalog 200 200ms user8800 tx5710 Wishlist updated
2023-08-15 13:47:45 authentication 401 20ms user9911 tx5711 Session expired
2023-08-15 13:47:50 checkout 200 190ms user0022 tx5712 Purchased Apple Watch
2023-08-15 13:47:55 shipping 200 160ms user1144 tx5713 Tracking number generated
2023-08-15 13:48:00 product-catalog 429 10ms user2255 tx5714 API rate limit hit
2023-08-15 13:48:05 authentication 200 42ms user3366 tx5715 Profile updated successfully
2023-08-15 13:48:10 checkout 400 85ms user4477 tx5716 Invalid coupon code
2023-08-15 13:48:15 payment-gateway 503 1800ms user5588 tx5717 Payment service maintenance
2023-08-15 13:48:20 product-catalog 200 125ms user6699 tx5718 Brand filter applied
2023-08-15 13:48:25 authentication 200 38ms user7700 tx5719 Email verification sent
2023-08-15 13:48:30 checkout 200 360ms user8811 tx5720 Purchased Nintendo Switch
2023-08-15 13:48:35 shipping 500 2200ms user9922 tx5721 Shipping service error
2023-08-15 13:48:40 product-catalog 200 175ms user0033 tx5722 Price comparison loaded
2023-08-15 13:48:45 authentication 403 25ms user1155 tx5723 Account locked
2023-08-15 13:48:50 checkout 200 280ms user2266 tx5724 Purchased PlayStation 5
2023-08-15 13:48:55 payment-gateway 200 420ms user3377 tx5725 Payment method added
2023-08-15 13:49:00 product-catalog 502 1100ms user4488 tx5726 Backend service unavailable
2023-08-15 13:49:05 authentication 200 33ms user5599 tx5727 Login attempt successful
2023-08-15 13:49:10 checkout 422 95ms user6600 tx5728 Validation error occurred
2023-08-15 13:49:15 shipping 200 145ms user7711 tx5729 Delivery estimate calculated